<?xml version="1.0" encoding="UTF-8"?>
<!-- Generated by org.testng.reporters.JUnitXMLReporter -->
<testsuite ignored="0" hostname="Narendras-MacBook-Pro.local" failures="0" tests="3" name="LoginTest" time="31.852" errors="0" timestamp="07 Jul 2021 10:06:37 GMT">
  <testcase classname="testcases.Logintest" name="loginmanager" time="4.791"/>
  <testcase classname="testcases.Logintest" name="deposit" time="12.881"/>
  <testcase classname="testcases.Logintest" name="transcation" time="7.67"/>
</testsuite> <!-- LoginTest -->
