<?xml version="1.0" encoding="UTF-8"?>
<!-- Generated by org.testng.reporters.JUnitXMLReporter -->
<testsuite ignored="0" hostname="Narendras-MacBook-Pro.local" failures="0" tests="3" name="Default test" time="30.64" errors="0" timestamp="07 Jul 2021 08:48:29 GMT">
  <testcase classname="testcases.Logintest" name="loginmanager" time="4.384"/>
  <testcase classname="testcases.Logintest" name="deposit" time="12.625"/>
  <testcase classname="testcases.Logintest" name="transcation" time="7.367"/>
</testsuite> <!-- Default test -->
