<?xml version="1.0" encoding="UTF-8"?>
<testng-results ignored="0" total="3" passed="3" failed="0" skipped="0">
  <reporter-output>
  </reporter-output>
  <suite started-at="2021-07-07T10:06:00Z" name="Data driven" finished-at="2021-07-07T10:06:32Z" duration-ms="31852">
    <groups>
    </groups>
    <test started-at="2021-07-07T10:06:00Z" name="LoginTest" finished-at="2021-07-07T10:06:32Z" duration-ms="31852">
      <class name="testcases.Logintest">
        <test-method is-config="true" signature="setup()[pri:0, instance:testcases.Logintest@43df23d3]" started-at="2021-07-07T10:06:00Z" name="setup" finished-at="2021-07-07T10:06:03Z" duration-ms="2433" status="PASS">
          <reporter-output>
          </reporter-output>
        </test-method> <!-- setup -->
        <test-method signature="loginmanager()[pri:1, instance:testcases.Logintest@43df23d3]" started-at="2021-07-07T10:06:03Z" name="loginmanager" finished-at="2021-07-07T10:06:08Z" duration-ms="4791" status="PASS">
          <reporter-output>
          </reporter-output>
        </test-method> <!-- loginmanager -->
        <test-method is-config="true" signature="teardown()[pri:0, instance:testcases.Logintest@43df23d3]" started-at="2021-07-07T10:06:08Z" name="teardown" finished-at="2021-07-07T10:06:08Z" duration-ms="76" status="PASS">
          <reporter-output>
          </reporter-output>
        </test-method> <!-- teardown -->
        <test-method is-config="true" signature="setup()[pri:0, instance:testcases.Logintest@43df23d3]" started-at="2021-07-07T10:06:08Z" name="setup" finished-at="2021-07-07T10:06:10Z" duration-ms="1886" status="PASS">
          <reporter-output>
          </reporter-output>
        </test-method> <!-- setup -->
        <test-method signature="deposit()[pri:2, instance:testcases.Logintest@43df23d3]" started-at="2021-07-07T10:06:10Z" name="deposit" finished-at="2021-07-07T10:06:22Z" duration-ms="12881" status="PASS">
          <reporter-output>
          </reporter-output>
        </test-method> <!-- deposit -->
        <test-method is-config="true" signature="teardown()[pri:0, instance:testcases.Logintest@43df23d3]" started-at="2021-07-07T10:06:22Z" name="teardown" finished-at="2021-07-07T10:06:22Z" duration-ms="64" status="PASS">
          <reporter-output>
          </reporter-output>
        </test-method> <!-- teardown -->
        <test-method is-config="true" signature="setup()[pri:0, instance:testcases.Logintest@43df23d3]" started-at="2021-07-07T10:06:22Z" name="setup" finished-at="2021-07-07T10:06:24Z" duration-ms="1878" status="PASS">
          <reporter-output>
          </reporter-output>
        </test-method> <!-- setup -->
        <test-method signature="transcation()[pri:3, instance:testcases.Logintest@43df23d3]" started-at="2021-07-07T10:06:24Z" name="transcation" finished-at="2021-07-07T10:06:32Z" duration-ms="7670" status="PASS">
          <reporter-output>
          </reporter-output>
        </test-method> <!-- transcation -->
        <test-method is-config="true" signature="teardown()[pri:0, instance:testcases.Logintest@43df23d3]" started-at="2021-07-07T10:06:32Z" name="teardown" finished-at="2021-07-07T10:06:32Z" duration-ms="141" status="PASS">
          <reporter-output>
          </reporter-output>
        </test-method> <!-- teardown -->
      </class> <!-- testcases.Logintest -->
    </test> <!-- LoginTest -->
  </suite> <!-- Data driven -->
</testng-results>
